[23:37:40] [main/INFO] [LaunchWrapper]: Loading tweak class name net.minecraftforge.fml.common.launcher.FMLServerTweaker
[23:37:40] [main/INFO] [LaunchWrapper]: Using primary tweak class name net.minecraftforge.fml.common.launcher.FMLServerTweaker
[23:37:40] [main/INFO] [LaunchWrapper]: Calling tweak class net.minecraftforge.fml.common.launcher.FMLServerTweaker
[23:37:40] [main/DEBUG] [FML]: Injecting tracing printstreams for STDOUT/STDERR.
[23:37:40] [main/INFO] [FML]: Forge Mod Loader version 14.23.5.2860 for Minecraft 1.12.2 loading
[23:37:40] [main/INFO] [FML]: Java is OpenJDK 64-Bit Server VM, version 1.8.0_442, running on Linux:amd64:6.8.0-1026-azure, installed at /usr/lib/jvm/java-8-openjdk-amd64/jre
[23:37:40] [main/DEBUG] [FML]: Java classpath at launch is:
[23:37:40] [main/DEBUG] [FML]:     /workspaces/server2/servidor_minecraft/forge-1.12.2-14.23.5.2860.jar
[23:37:40] [main/DEBUG] [FML]: Java library path at launch is:
[23:37:40] [main/DEBUG] [FML]:     /tmp/_MEI0yde6x
[23:37:40] [main/DEBUG] [FML]:     /usr/java/packages/lib/amd64
[23:37:40] [main/DEBUG] [FML]:     /usr/lib/x86_64-linux-gnu/jni
[23:37:40] [main/DEBUG] [FML]:     /lib/x86_64-linux-gnu
[23:37:40] [main/DEBUG] [FML]:     /usr/lib/x86_64-linux-gnu
[23:37:40] [main/DEBUG] [FML]:     /usr/lib/jni
[23:37:40] [main/DEBUG] [FML]:     /lib
[23:37:40] [main/DEBUG] [FML]:     /usr/lib
[23:37:40] [main/DEBUG] [FML]: Determined Minecraft Libraries Root: /workspaces/server2/servidor_minecraft/libraries
[23:37:40] [main/DEBUG] [FML]: Cleaning up mods folder: ./mods
[23:37:40] [main/DEBUG] [FML]: Examining file: geckolib-forge-1.12.2-3.0.30.jar
[23:37:40] [main/DEBUG] [FML]: Examining file: Jenny-Mod-Forge-1.12.2-v1.8.0.jar
[23:37:40] [main/DEBUG] [FML]: Enabling runtime deobfuscation
[23:37:40] [main/DEBUG] [FML]: Instantiating coremod class FMLCorePlugin
[23:37:40] [main/DEBUG] [FML]: Found signing certificates for coremod FMLCorePlugin (net.minecraftforge.fml.relauncher.FMLCorePlugin)
[23:37:40] [main/DEBUG] [FML]: Found certificate e3c3d50c7c986df74c645c0ac54639741c90a557
[23:37:40] [main/DEBUG] [FML]: Added access transformer class net.minecraftforge.fml.common.asm.transformers.AccessTransformer to enqueued access transformers
[23:37:40] [main/DEBUG] [FML]: Enqueued coremod FMLCorePlugin
[23:37:40] [main/DEBUG] [FML]: Instantiating coremod class FMLForgePlugin
[23:37:40] [main/DEBUG] [FML]: Found signing certificates for coremod FMLForgePlugin (net.minecraftforge.classloading.FMLForgePlugin)
[23:37:40] [main/DEBUG] [FML]: Found certificate e3c3d50c7c986df74c645c0ac54639741c90a557
[23:37:40] [main/DEBUG] [FML]: Enqueued coremod FMLForgePlugin
[23:37:40] [main/DEBUG] [FML]: All fundamental core mods are successfully located
[23:37:40] [main/DEBUG] [FML]: Discovering coremods
[23:37:40] [main/INFO] [FML]: Searching /workspaces/server2/servidor_minecraft/./mods for mods
[23:37:40] [main/DEBUG] [FML]:   Adding geckolib-forge-1.12.2-3.0.30.jar to the mod list
[23:37:40] [main/DEBUG] [FML]:   Adding Jenny-Mod-Forge-1.12.2-v1.8.0.jar to the mod list
[23:37:40] [main/DEBUG] [FML]: Examining for coremod candidacy geckolib-forge-1.12.2-3.0.30.jar
[23:37:40] [main/DEBUG] [FML]: Not found coremod data in geckolib-forge-1.12.2-3.0.30.jar
[23:37:40] [main/DEBUG] [FML]: Examining for coremod candidacy Jenny-Mod-Forge-1.12.2-v1.8.0.jar
[23:37:40] [main/DEBUG] [FML]: Not found coremod data in Jenny-Mod-Forge-1.12.2-v1.8.0.jar
[23:37:40] [main/INFO] [LaunchWrapper]: Loading tweak class name net.minecraftforge.fml.common.launcher.FMLInjectionAndSortingTweaker
[23:37:40] [main/INFO] [LaunchWrapper]: Loading tweak class name net.minecraftforge.fml.common.launcher.FMLDeobfTweaker
[23:37:40] [main/INFO] [LaunchWrapper]: Calling tweak class net.minecraftforge.fml.common.launcher.FMLInjectionAndSortingTweaker
[23:37:40] [main/INFO] [LaunchWrapper]: Calling tweak class net.minecraftforge.fml.common.launcher.FMLInjectionAndSortingTweaker
[23:37:40] [main/INFO] [LaunchWrapper]: Calling tweak class net.minecraftforge.fml.relauncher.CoreModManager$FMLPluginWrapper
[23:37:40] [main/DEBUG] [FML]: Injecting coremod FMLCorePlugin \{net.minecraftforge.fml.relauncher.FMLCorePlugin\} class transformers
[23:37:40] [main/TRACE] [FML]: Registering transformer net.minecraftforge.fml.common.asm.transformers.SideTransformer
[23:37:40] [main/TRACE] [FML]: Registering transformer net.minecraftforge.fml.common.asm.transformers.EventSubscriptionTransformer
[23:37:40] [main/TRACE] [FML]: Registering transformer net.minecraftforge.fml.common.asm.transformers.EventSubscriberTransformer
[23:37:40] [main/TRACE] [FML]: Registering transformer net.minecraftforge.fml.common.asm.transformers.SoundEngineFixTransformer
[23:37:40] [main/DEBUG] [FML]: Injection complete
[23:37:40] [main/DEBUG] [FML]: Running coremod plugin for FMLCorePlugin \{net.minecraftforge.fml.relauncher.FMLCorePlugin\}
[23:37:40] [main/DEBUG] [FML]: Running coremod plugin FMLCorePlugin
[23:37:41] [main/DEBUG] [FML]: Read 1154 binary patches
[23:37:41] [main/DEBUG] [FML]: Loading deobfuscation resource /deobfuscation_data-1.12.2.lzma with 36076 records
[23:37:41] [main/INFO] [FML]: Found valid fingerprint for Minecraft Forge. Certificate fingerprint e3c3d50c7c986df74c645c0ac54639741c90a557
[23:37:41] [main/DEBUG] [FML]: Coremod plugin class FMLCorePlugin run successfully
[23:37:41] [main/INFO] [LaunchWrapper]: Calling tweak class net.minecraftforge.fml.relauncher.CoreModManager$FMLPluginWrapper
[23:37:41] [main/DEBUG] [FML]: Injecting coremod FMLForgePlugin \{net.minecraftforge.classloading.FMLForgePlugin\} class transformers
[23:37:41] [main/DEBUG] [FML]: Injection complete
[23:37:41] [main/DEBUG] [FML]: Running coremod plugin for FMLForgePlugin \{net.minecraftforge.classloading.FMLForgePlugin\}
[23:37:41] [main/DEBUG] [FML]: Running coremod plugin FMLForgePlugin
[23:37:41] [main/DEBUG] [FML]: Coremod plugin class FMLForgePlugin run successfully
[23:37:41] [main/INFO] [LaunchWrapper]: Calling tweak class net.minecraftforge.fml.common.launcher.FMLDeobfTweaker
[23:37:42] [main/DEBUG] [FML]: Loaded 215 rules from AccessTransformer config file forge_at.cfg
[23:37:42] [main/DEBUG] [FML]: Validating minecraft
[23:37:42] [main/DEBUG] [FML]: Minecraft validated, launching...
[23:37:42] [main/INFO] [LaunchWrapper]: Loading tweak class name net.minecraftforge.fml.common.launcher.TerminalTweaker
[23:37:42] [main/INFO] [LaunchWrapper]: Calling tweak class net.minecraftforge.fml.common.launcher.TerminalTweaker
[23:37:42] [main/INFO] [LaunchWrapper]: Launching wrapped minecraft {net.minecraft.server.MinecraftServer}
[23:37:44] [main/DEBUG] [FML]: Creating vanilla freeze snapshot
[23:37:44] [main/DEBUG] [FML]: Vanilla freeze snapshot created
[23:37:44] [Server thread/INFO] [net.minecraft.server.dedicated.DedicatedServer]: Starting minecraft server version 1.12.2
[23:37:44] [Server thread/INFO] [FML]: MinecraftForge v14.23.5.2860 Initialized
[23:37:44] [Server thread/INFO] [FML]: Starts to replace vanilla recipe ingredients with ore ingredients.
[23:37:44] [Server thread/INFO] [FML]: Invalid recipe found with multiple oredict ingredients in the same ingredient...
[23:37:45] [Server thread/INFO] [FML]: Replaced 1227 ore ingredients
[23:37:45] [Server thread/DEBUG] [FML]: File /workspaces/server2/servidor_minecraft/config/injectedDependencies.json not found. No dependencies injected
[23:37:45] [Server thread/DEBUG] [FML]: Building injected Mod Containers [net.minecraftforge.fml.common.FMLContainer, net.minecraftforge.common.ForgeModContainer]
[23:37:45] [Server thread/DEBUG] [FML]: Attempting to load mods contained in the minecraft jar file and associated classes
[23:37:45] [Server thread/DEBUG] [FML]: Minecraft is a file at /workspaces/server2/servidor_minecraft/forge-1.12.2-14.23.5.2860.jar, loading
[23:37:45] [Server thread/DEBUG] [FML]: Minecraft jar mods loaded successfully
[23:37:45] [Server thread/INFO] [FML]: Searching /workspaces/server2/servidor_minecraft/./mods for mods
[23:37:45] [Server thread/DEBUG] [FML]:   Adding geckolib-forge-1.12.2-3.0.30.jar to the mod list
[23:37:45] [Server thread/DEBUG] [FML]:   Adding Jenny-Mod-Forge-1.12.2-v1.8.0.jar to the mod list
[23:37:45] [Server thread/DEBUG] [FML]: Found a candidate zip or jar file geckolib-forge-1.12.2-3.0.30.jar
[23:37:45] [Server thread/DEBUG] [FML]: Found a candidate zip or jar file Jenny-Mod-Forge-1.12.2-v1.8.0.jar
[23:37:45] [Server thread/DEBUG] [FML]: Examining file forge-1.12.2-14.23.5.2860.jar for potential mods
[23:37:45] [Server thread/DEBUG] [FML]: The mod container forge-1.12.2-14.23.5.2860.jar appears to be missing an mcmod.info file
[23:37:45] [Server thread/DEBUG] [FML]: Examining file geckolib-forge-1.12.2-3.0.30.jar for potential mods
[23:37:45] [Server thread/TRACE] [FML]: Located mcmod.info file in file geckolib-forge-1.12.2-3.0.30.jar
[23:37:45] [Server thread/DEBUG] [FML]: Identified a mod of type Lnet/minecraftforge/fml/common/Mod; (software.bernie.example.GeckoLibMod) - loading
[23:37:45] [Server thread/TRACE] [FML]: Parsed dependency info for geckolib3: Requirements: [] After:[] Before:[]
[23:37:45] [Server thread/DEBUG] [FML]: Examining file Jenny-Mod-Forge-1.12.2-v1.8.0.jar for potential mods
[23:37:45] [Server thread/TRACE] [FML]: Located mcmod.info file in file Jenny-Mod-Forge-1.12.2-v1.8.0.jar
[23:37:45] [Server thread/DEBUG] [FML]: Identified a mod of type Lnet/minecraftforge/fml/common/Mod; (com.schnurritv.sexmod.Main) - loading
[23:37:45] [Server thread/TRACE] [FML]: Parsed dependency info for sexmod: Requirements: [] After:[geckolib] Before:[]
[23:37:45] [Server thread/DEBUG] [FML]: Identified a mod of type Lnet/minecraftforge/fml/common/Mod; (software.bernie.example.GeckoLibMod) - loading
[23:37:45] [Server thread/TRACE] [FML]: Parsed dependency info for geckolib3: Requirements: [] After:[] Before:[]
[23:37:45] [Server thread/INFO] [FML]: Mod geckolib3 is missing the required element 'name'. Substituting geckolib3
[23:37:46] [Server thread/FATAL] [FML]: Found a duplicate mod geckolib3 at [./mods/Jenny-Mod-Forge-1.12.2-v1.8.0.jar, ./mods/geckolib-forge-1.12.2-3.0.30.jar]
[23:37:46] [Server thread/ERROR] [net.minecraft.server.MinecraftServer]: Encountered an unexpected exception
net.minecraftforge.fml.common.DuplicateModsFoundException: 
Duplicate Mods:
	geckolib3 : /workspaces/server2/servidor_minecraft/./mods/Jenny-Mod-Forge-1.12.2-v1.8.0.jar
	geckolib3 : /workspaces/server2/servidor_minecraft/./mods/geckolib-forge-1.12.2-3.0.30.jar


	at net.minecraftforge.fml.common.Loader.identifyDuplicates(Loader.java:466) ~[Loader.class:?]
	at net.minecraftforge.fml.common.Loader.identifyMods(Loader.java:428) ~[Loader.class:?]
	at net.minecraftforge.fml.common.Loader.loadMods(Loader.java:568) ~[Loader.class:?]
	at net.minecraftforge.fml.server.FMLServerHandler.beginServerLoading(FMLServerHandler.java:98) ~[FMLServerHandler.class:?]
	at net.minecraftforge.fml.common.FMLCommonHandler.onServerStart(FMLCommonHandler.java:333) ~[FMLCommonHandler.class:?]
	at net.minecraft.server.dedicated.DedicatedServer.func_71197_b(DedicatedServer.java:125) ~[nz.class:?]
	at net.minecraft.server.MinecraftServer.run(MinecraftServer.java:486) [MinecraftServer.class:?]
	at java.lang.Thread.run(Thread.java:750) [?:1.8.0_442]
[23:37:46] [Server thread/ERROR] [net.minecraft.server.MinecraftServer]: This crash report has been saved to: /workspaces/server2/servidor_minecraft/./crash-reports/crash-2025-04-27_23.37.46-server.txt
[23:37:46] [Server thread/INFO] [net.minecraft.server.MinecraftServer]: Stopping server
[23:37:46] [Server thread/INFO] [net.minecraft.server.MinecraftServer]: Saving worlds
[23:37:46] [Server thread/INFO] [FML]: The state engine was in incorrect state CONSTRUCTING and forced into state SERVER_STOPPED. Errors may have been discarded.
[23:37:46] [Server Shutdown Thread/INFO] [net.minecraft.server.MinecraftServer]: Stopping server
[23:37:46] [Server Shutdown Thread/INFO] [net.minecraft.server.MinecraftServer]: Saving worlds
