[23:37:40] [main/INFO] [LaunchWrapper]: Loading tweak class name net.minecraftforge.fml.common.launcher.FMLServerTweaker
[23:37:40] [main/INFO] [LaunchWrapper]: Using primary tweak class name net.minecraftforge.fml.common.launcher.FMLServerTweaker
[23:37:40] [main/INFO] [LaunchWrapper]: Calling tweak class net.minecraftforge.fml.common.launcher.FMLServerTweaker
[23:37:40] [main/INFO] [FML]: Forge Mod Loader version 14.23.5.2860 for Minecraft 1.12.2 loading
[23:37:40] [main/INFO] [FML]: Java is OpenJDK 64-Bit Server VM, version 1.8.0_442, running on Linux:amd64:6.8.0-1026-azure, installed at /usr/lib/jvm/java-8-openjdk-amd64/jre
[23:37:40] [main/INFO] [FML]: Searching /workspaces/server2/servidor_minecraft/./mods for mods
[23:37:40] [main/INFO] [LaunchWrapper]: Loading tweak class name net.minecraftforge.fml.common.launcher.FMLInjectionAndSortingTweaker
[23:37:40] [main/INFO] [LaunchWrapper]: Loading tweak class name net.minecraftforge.fml.common.launcher.FMLDeobfTweaker
[23:37:40] [main/INFO] [LaunchWrapper]: Calling tweak class net.minecraftforge.fml.common.launcher.FMLInjectionAndSortingTweaker
[23:37:40] [main/INFO] [LaunchWrapper]: Calling tweak class net.minecraftforge.fml.common.launcher.FMLInjectionAndSortingTweaker
[23:37:40] [main/INFO] [LaunchWrapper]: Calling tweak class net.minecraftforge.fml.relauncher.CoreModManager$FMLPluginWrapper
[23:37:41] [main/INFO] [FML]: Found valid fingerprint for Minecraft Forge. Certificate fingerprint e3c3d50c7c986df74c645c0ac54639741c90a557
[23:37:41] [main/INFO] [LaunchWrapper]: Calling tweak class net.minecraftforge.fml.relauncher.CoreModManager$FMLPluginWrapper
[23:37:41] [main/INFO] [LaunchWrapper]: Calling tweak class net.minecraftforge.fml.common.launcher.FMLDeobfTweaker
[23:37:42] [main/INFO] [LaunchWrapper]: Loading tweak class name net.minecraftforge.fml.common.launcher.TerminalTweaker
[23:37:42] [main/INFO] [LaunchWrapper]: Calling tweak class net.minecraftforge.fml.common.launcher.TerminalTweaker
[23:37:42] [main/INFO] [LaunchWrapper]: Launching wrapped minecraft {net.minecraft.server.MinecraftServer}
[23:37:44] [Server thread/INFO] [net.minecraft.server.dedicated.DedicatedServer]: Starting minecraft server version 1.12.2
[23:37:44] [Server thread/INFO] [FML]: MinecraftForge v14.23.5.2860 Initialized
[23:37:44] [Server thread/INFO] [FML]: Starts to replace vanilla recipe ingredients with ore ingredients.
[23:37:44] [Server thread/INFO] [FML]: Invalid recipe found with multiple oredict ingredients in the same ingredient...
[23:37:45] [Server thread/INFO] [FML]: Replaced 1227 ore ingredients
[23:37:45] [Server thread/INFO] [FML]: Searching /workspaces/server2/servidor_minecraft/./mods for mods
[23:37:45] [Server thread/INFO] [FML]: Mod geckolib3 is missing the required element 'name'. Substituting geckolib3
[23:37:46] [Server thread/FATAL] [FML]: Found a duplicate mod geckolib3 at [./mods/Jenny-Mod-Forge-1.12.2-v1.8.0.jar, ./mods/geckolib-forge-1.12.2-3.0.30.jar]
[23:37:46] [Server thread/ERROR] [net.minecraft.server.MinecraftServer]: Encountered an unexpected exception
net.minecraftforge.fml.common.DuplicateModsFoundException: 
Duplicate Mods:
	geckolib3 : /workspaces/server2/servidor_minecraft/./mods/Jenny-Mod-Forge-1.12.2-v1.8.0.jar
	geckolib3 : /workspaces/server2/servidor_minecraft/./mods/geckolib-forge-1.12.2-3.0.30.jar


	at net.minecraftforge.fml.common.Loader.identifyDuplicates(Loader.java:466) ~[Loader.class:?]
	at net.minecraftforge.fml.common.Loader.identifyMods(Loader.java:428) ~[Loader.class:?]
	at net.minecraftforge.fml.common.Loader.loadMods(Loader.java:568) ~[Loader.class:?]
	at net.minecraftforge.fml.server.FMLServerHandler.beginServerLoading(FMLServerHandler.java:98) ~[FMLServerHandler.class:?]
	at net.minecraftforge.fml.common.FMLCommonHandler.onServerStart(FMLCommonHandler.java:333) ~[FMLCommonHandler.class:?]
	at net.minecraft.server.dedicated.DedicatedServer.func_71197_b(DedicatedServer.java:125) ~[nz.class:?]
	at net.minecraft.server.MinecraftServer.run(MinecraftServer.java:486) [MinecraftServer.class:?]
	at java.lang.Thread.run(Thread.java:750) [?:1.8.0_442]
[23:37:46] [Server thread/ERROR] [net.minecraft.server.MinecraftServer]: This crash report has been saved to: /workspaces/server2/servidor_minecraft/./crash-reports/crash-2025-04-27_23.37.46-server.txt
[23:37:46] [Server thread/INFO] [net.minecraft.server.MinecraftServer]: Stopping server
[23:37:46] [Server thread/INFO] [net.minecraft.server.MinecraftServer]: Saving worlds
[23:37:46] [Server thread/INFO] [FML]: The state engine was in incorrect state CONSTRUCTING and forced into state SERVER_STOPPED. Errors may have been discarded.
[23:37:46] [Server Shutdown Thread/INFO] [net.minecraft.server.MinecraftServer]: Stopping server
[23:37:46] [Server Shutdown Thread/INFO] [net.minecraft.server.MinecraftServer]: Saving worlds
